INFO:root:===== Greedy Offline 3 =====
INFO:root:Seed: 16241
INFO:root:Buses: 15
INFO:root:Passengers: 25
INFO:root:Total wait time: 0 minutes
INFO:root:Avegera distance per bus: 59827 km
INFO:root:Average bus time: 185 hours
INFO:root:Average passenger time: 67 hours
INFO:root:===== Greedy Offline 3 =====
INFO:root:Seed: 1624
INFO:root:Buses: 15
INFO:root:Passengers: 31
INFO:root:Total wait time: 0 minutes
INFO:root:Avegera distance per bus: 54346 km
INFO:root:Average bus time: 161 hours
INFO:root:Average passenger time: 40 hours
INFO:root:===== Greedy Offline 3 =====
INFO:root:Seed: 1624
INFO:root:Buses: 15
INFO:root:Passengers: 31
INFO:root:Total wait time: 0 minutes
INFO:root:Avegera distance per bus: 54346 km
INFO:root:Average bus time: 161 hours
INFO:root:Average passenger time: 40 hours
INFO:root:===== Greedy Offline 1 =====
INFO:root:Seed: 28946
INFO:root:Buses: 2
INFO:root:Passengers: 2
INFO:root:Total wait time: 0 minutes
INFO:root:Avegera distance per bus: 40559 km
INFO:root:Average bus time: 159 hours
INFO:root:Average passenger time: 59 hours
INFO:root:===== Greedy Offline 2 =====
INFO:root:Seed: 28946
INFO:root:Buses: 2
INFO:root:Passengers: 7
INFO:root:Total wait time: 0 minutes
INFO:root:Avegera distance per bus: 91435 km
INFO:root:Average bus time: 280 hours
INFO:root:Average passenger time: 105 hours
INFO:root:===== Greedy Offline 3 =====
INFO:root:Seed: 28946
INFO:root:Buses: 2
INFO:root:Passengers: 12
INFO:root:Total wait time: 0 minutes
INFO:root:Avegera distance per bus: 112100 km
INFO:root:Average bus time: 267 hours
INFO:root:Average passenger time: 117 hours
INFO:root:===== Greedy Offline 4 =====
INFO:root:Seed: 28946
INFO:root:Buses: 2
INFO:root:Passengers: 17
INFO:root:Total wait time: 0 minutes
INFO:root:Avegera distance per bus: 125888 km
INFO:root:Average bus time: 324 hours
INFO:root:Average passenger time: 107 hours
INFO:root:===== Greedy Offline 5 =====
INFO:root:Seed: 17116
INFO:root:Buses: 5
INFO:root:Passengers: 5
INFO:root:===== Greedy Offline 6 =====
INFO:root:Seed: 17116
INFO:root:Buses: 5
INFO:root:Passengers: 10
INFO:root:Total wait time: 0 minutes
INFO:root:Avegera distance per bus: 60507 km
INFO:root:Average bus time: 61 hours
INFO:root:Average passenger time: 80 hours
INFO:root:===== Greedy Offline 7 =====
INFO:root:Seed: 17116
INFO:root:Buses: 5
INFO:root:Passengers: 15
INFO:root:Total wait time: 0 minutes
INFO:root:Avegera distance per bus: 79789 km
INFO:root:Average bus time: 157 hours
INFO:root:Average passenger time: 80 hours
INFO:root:===== Greedy Offline 8 =====
INFO:root:Seed: 17116
INFO:root:Buses: 5
INFO:root:Passengers: 20
INFO:root:Total wait time: 0 minutes
INFO:root:Avegera distance per bus: 98504 km
INFO:root:Average bus time: 230 hours
INFO:root:Average passenger time: 81 hours
INFO:root:===== Greedy Offline 9 =====
INFO:root:Seed: 20331
INFO:root:Buses: 8
INFO:root:Passengers: 8
INFO:root:Total wait time: 0 minutes
INFO:root:Avegera distance per bus: 63003 km
INFO:root:Average bus time: 129 hours
INFO:root:Average passenger time: 47 hours
INFO:root:===== Greedy Offline 10 =====
INFO:root:Seed: 20331
INFO:root:Buses: 8
INFO:root:Passengers: 13
INFO:root:Total wait time: 0 minutes
INFO:root:Avegera distance per bus: 71120 km
INFO:root:Average bus time: 157 hours
INFO:root:Average passenger time: 64 hours
INFO:root:===== Greedy Offline 11 =====
INFO:root:Seed: 20331
INFO:root:Buses: 8
INFO:root:Passengers: 18
INFO:root:Total wait time: 0 minutes
INFO:root:Avegera distance per bus: 76600 km
INFO:root:Average bus time: 78 hours
INFO:root:Average passenger time: 72 hours
INFO:root:===== Greedy Offline 12 =====
INFO:root:Seed: 20331
INFO:root:Buses: 8
INFO:root:Passengers: 23
INFO:root:Total wait time: 0 minutes
INFO:root:Avegera distance per bus: 82218 km
INFO:root:Average bus time: 280 hours
INFO:root:Average passenger time: 84 hours
INFO:root:===== Greedy Offline 13 =====
INFO:root:Seed: 20587
INFO:root:Buses: 11
INFO:root:Passengers: 11
INFO:root:Total wait time: 0 minutes
INFO:root:Avegera distance per bus: 52126 km
INFO:root:Average bus time: 82 hours
INFO:root:Average passenger time: 42 hours
INFO:root:===== Greedy Offline 14 =====
INFO:root:Seed: 20587
INFO:root:Buses: 11
INFO:root:Passengers: 16
INFO:root:Total wait time: 0 minutes
INFO:root:Avegera distance per bus: 50017 km
INFO:root:Average bus time: 150 hours
INFO:root:Average passenger time: 50 hours
INFO:root:===== Greedy Offline 15 =====
INFO:root:Seed: 20587
INFO:root:Buses: 11
INFO:root:Passengers: 21
INFO:root:Total wait time: 0 minutes
INFO:root:Avegera distance per bus: 58407 km
INFO:root:Average bus time: 147 hours
INFO:root:Average passenger time: 52 hours
INFO:root:===== Greedy Offline 1 =====
INFO:root:Seed: 13767
INFO:root:Buses: 20
INFO:root:Passengers: 20
INFO:root:Total wait time: 0 minutes
INFO:root:Avegera distance per bus: 44774 km
INFO:root:Average bus time: 159 hours
INFO:root:Average passenger time: 51 hours
INFO:root:===== Greedy Offline 2 =====
INFO:root:Seed: 13767
INFO:root:Buses: 20
INFO:root:Passengers: 25
INFO:root:Total wait time: 0 minutes
INFO:root:Avegera distance per bus: 49983 km
INFO:root:Average bus time: 89 hours
INFO:root:Average passenger time: 64 hours
INFO:root:===== Greedy Offline 3 =====
INFO:root:Seed: 13767
INFO:root:Buses: 20
INFO:root:Passengers: 30
INFO:root:Total wait time: 0 minutes
INFO:root:Avegera distance per bus: 58616 km
INFO:root:Average bus time: 93 hours
INFO:root:Average passenger time: 65 hours
INFO:root:===== Greedy Offline 4 =====
INFO:root:Seed: 13767
INFO:root:Buses: 20
INFO:root:Passengers: 35
INFO:root:===== Greedy Offline 5 =====
INFO:root:Seed: 32164
INFO:root:Buses: 23
INFO:root:Passengers: 23
INFO:root:Total wait time: 0 minutes
INFO:root:Avegera distance per bus: 33138 km
INFO:root:Average bus time: 116 hours
INFO:root:Average passenger time: 39 hours
INFO:root:===== Greedy Offline 6 =====
INFO:root:Seed: 32164
INFO:root:Buses: 23
INFO:root:Passengers: 28
INFO:root:Total wait time: 0 minutes
INFO:root:Avegera distance per bus: 30696 km
INFO:root:Average bus time: 119 hours
INFO:root:Average passenger time: 52 hours
INFO:root:===== Greedy Offline 7 =====
INFO:root:Seed: 32164
INFO:root:Buses: 23
INFO:root:Passengers: 33
INFO:root:Total wait time: 0 minutes
INFO:root:Avegera distance per bus: 50790 km
INFO:root:Average bus time: 103 hours
INFO:root:Average passenger time: 59 hours
INFO:root:===== Greedy Offline 8 =====
INFO:root:Seed: 32164
INFO:root:Buses: 23
INFO:root:Passengers: 38
INFO:root:===== Greedy Offline 9 =====
INFO:root:Seed: 18196
INFO:root:Buses: 26
INFO:root:Passengers: 26
INFO:root:Total wait time: 0 minutes
INFO:root:Avegera distance per bus: 25241 km
INFO:root:Average bus time: 34 hours
INFO:root:Average passenger time: 49 hours
INFO:root:===== Greedy Offline 10 =====
INFO:root:Seed: 18196
INFO:root:Buses: 26
INFO:root:Passengers: 31
INFO:root:===== Greedy Offline 11 =====
INFO:root:Seed: 18196
INFO:root:Buses: 26
INFO:root:Passengers: 36
INFO:root:===== Greedy Offline 12 =====
INFO:root:Seed: 18196
INFO:root:Buses: 26
INFO:root:Passengers: 41
INFO:root:===== Greedy Offline 13 =====
INFO:root:Seed: 25200
INFO:root:Buses: 29
INFO:root:Passengers: 29
INFO:root:===== Greedy Offline 14 =====
INFO:root:Seed: 25200
INFO:root:Buses: 29
INFO:root:Passengers: 34
INFO:root:===== Greedy Offline 15 =====
INFO:root:Seed: 25200
INFO:root:Buses: 29
INFO:root:Passengers: 39
INFO:root:===== Greedy Offline 1 =====
INFO:root:Seed: 20046
INFO:root:Buses: 2
INFO:root:Passengers: 2
INFO:root:Total wait time: 0 minutes
INFO:root:Avegera distance per bus: 38044 km
INFO:root:Average bus time: 71 hours
INFO:root:Average passenger time: 44 hours
INFO:root:===== Greedy Offline 2 =====
INFO:root:Seed: 20046
INFO:root:Buses: 2
INFO:root:Passengers: 7
INFO:root:Total wait time: 0 minutes
INFO:root:Avegera distance per bus: 79741 km
INFO:root:Average bus time: 171 hours
INFO:root:Average passenger time: 60 hours
INFO:root:===== Greedy Offline 3 =====
INFO:root:Seed: 20046
INFO:root:Buses: 2
INFO:root:Passengers: 12
INFO:root:Total wait time: 0 minutes
INFO:root:Avegera distance per bus: 121328 km
INFO:root:Average bus time: 279 hours
INFO:root:Average passenger time: 69 hours
INFO:root:===== Greedy Offline 4 =====
INFO:root:Seed: 20046
INFO:root:Buses: 2
INFO:root:Passengers: 17
INFO:root:Total wait time: 0 minutes
INFO:root:Avegera distance per bus: 151756 km
INFO:root:Average bus time: 410 hours
INFO:root:Average passenger time: 92 hours
INFO:root:===== Greedy Offline 5 =====
INFO:root:Seed: 27292
INFO:root:Buses: 5
INFO:root:Passengers: 5
INFO:root:Total wait time: 0 minutes
INFO:root:Avegera distance per bus: 46154 km
INFO:root:Average bus time: 166 hours
INFO:root:Average passenger time: 54 hours
INFO:root:===== Greedy Offline 6 =====
INFO:root:Seed: 27292
INFO:root:Buses: 5
INFO:root:Passengers: 10
INFO:root:Total wait time: 0 minutes
INFO:root:Avegera distance per bus: 71655 km
INFO:root:Average bus time: 100 hours
INFO:root:Average passenger time: 73 hours
INFO:root:===== Greedy Offline 7 =====
INFO:root:Seed: 27292
INFO:root:Buses: 5
INFO:root:Passengers: 15
INFO:root:Total wait time: 0 minutes
INFO:root:Avegera distance per bus: 79701 km
INFO:root:Average bus time: 127 hours
INFO:root:Average passenger time: 76 hours
INFO:root:===== Greedy Offline 8 =====
INFO:root:Seed: 27292
INFO:root:Buses: 5
INFO:root:Passengers: 20
INFO:root:Total wait time: 0 minutes
INFO:root:Avegera distance per bus: 99402 km
INFO:root:Average bus time: 226 hours
INFO:root:Average passenger time: 84 hours
INFO:root:===== Greedy Offline 9 =====
INFO:root:Seed: 8975
INFO:root:Buses: 8
INFO:root:Passengers: 8
INFO:root:Total wait time: 0 minutes
INFO:root:Avegera distance per bus: 36220 km
INFO:root:Average bus time: 163 hours
INFO:root:Average passenger time: 50 hours
INFO:root:===== Greedy Offline 10 =====
INFO:root:Seed: 8975
INFO:root:Buses: 8
INFO:root:Passengers: 13
INFO:root:Total wait time: 0 minutes
INFO:root:Avegera distance per bus: 58020 km
INFO:root:Average bus time: 75 hours
INFO:root:Average passenger time: 47 hours
INFO:root:===== Greedy Offline 11 =====
INFO:root:Seed: 8975
INFO:root:Buses: 8
INFO:root:Passengers: 18
INFO:root:Total wait time: 0 minutes
INFO:root:Avegera distance per bus: 77947 km
INFO:root:Average bus time: 161 hours
INFO:root:Average passenger time: 56 hours
INFO:root:===== Greedy Offline 1 =====
INFO:root:Seed: 5015
INFO:root:Buses: 10
INFO:root:Passengers: 10
INFO:root:Total wait time: 0 minutes
INFO:root:Avegera distance per bus: 47997 km
INFO:root:Average bus time: 88 hours
INFO:root:Average passenger time: 42 hours
INFO:root:===== Greedy Offline 2 =====
INFO:root:Seed: 5015
INFO:root:Buses: 10
INFO:root:Passengers: 17
INFO:root:===== Greedy Offline 3 =====
INFO:root:Seed: 5015
INFO:root:Buses: 10
INFO:root:Passengers: 24
INFO:root:Total wait time: 0 minutes
INFO:root:Avegera distance per bus: 73413 km
INFO:root:Average bus time: 167 hours
INFO:root:Average passenger time: 68 hours
INFO:root:===== Greedy Offline 4 =====
INFO:root:Seed: 5015
INFO:root:Buses: 10
INFO:root:Passengers: 31
INFO:root:Total wait time: 0 minutes
INFO:root:Avegera distance per bus: 84056 km
INFO:root:Average bus time: 163 hours
INFO:root:Average passenger time: 76 hours
INFO:root:===== Greedy Offline 5 =====
INFO:root:Seed: 3031
INFO:root:Buses: 15
INFO:root:Passengers: 15
INFO:root:Total wait time: 0 minutes
INFO:root:Avegera distance per bus: 39330 km
INFO:root:Average bus time: 168 hours
INFO:root:Average passenger time: 42 hours
INFO:root:===== Greedy Offline 6 =====
INFO:root:Seed: 3031
INFO:root:Buses: 15
INFO:root:Passengers: 22
INFO:root:===== Greedy Offline 7 =====
INFO:root:Seed: 3031
INFO:root:Buses: 15
INFO:root:Passengers: 29
INFO:root:Total wait time: 0 minutes
INFO:root:Avegera distance per bus: 54788 km
INFO:root:Average bus time: 146 hours
INFO:root:Average passenger time: 62 hours
INFO:root:===== Greedy Offline 1 =====
INFO:root:Seed: 13717
INFO:root:Buses: 2
INFO:root:Passengers: 2
INFO:root:Total wait time: 0 minutes
INFO:root:Avegera distance per bus: 50272 km
INFO:root:Average bus time: 177 hours
INFO:root:Average passenger time: 56 hours
INFO:root:===== Greedy Offline 2 =====
INFO:root:Seed: 13717
INFO:root:Buses: 2
INFO:root:Passengers: 10
INFO:root:Total wait time: 0 minutes
INFO:root:Avegera distance per bus: 110602 km
INFO:root:Average bus time: 308 hours
INFO:root:Average passenger time: 119 hours
INFO:root:===== Greedy Offline 3 =====
INFO:root:Seed: 13717
INFO:root:Buses: 2
INFO:root:Passengers: 18
INFO:root:Total wait time: 0 minutes
INFO:root:Avegera distance per bus: 133001 km
INFO:root:Average bus time: 320 hours
INFO:root:Average passenger time: 115 hours
INFO:root:===== Greedy Offline 4 =====
INFO:root:Seed: 13717
INFO:root:Buses: 2
INFO:root:Passengers: 26
INFO:root:Total wait time: 0 minutes
INFO:root:Avegera distance per bus: 175826 km
INFO:root:Average bus time: 461 hours
INFO:root:Average passenger time: 132 hours
INFO:root:===== Greedy Offline 5 =====
INFO:root:Seed: 2315
INFO:root:Buses: 7
INFO:root:Passengers: 7
INFO:root:Total wait time: 0 minutes
INFO:root:Avegera distance per bus: 56025 km
INFO:root:Average bus time: 95 hours
INFO:root:Average passenger time: 51 hours
INFO:root:===== Greedy Offline 6 =====
INFO:root:Seed: 2315
INFO:root:Buses: 7
INFO:root:Passengers: 15
INFO:root:Total wait time: 0 minutes
INFO:root:Avegera distance per bus: 74754 km
INFO:root:Average bus time: 117 hours
INFO:root:Average passenger time: 64 hours
INFO:root:===== Greedy Offline 7 =====
INFO:root:Seed: 2315
INFO:root:Buses: 7
INFO:root:Passengers: 23
INFO:root:Total wait time: 0 minutes
INFO:root:Avegera distance per bus: 76527 km
INFO:root:Average bus time: 238 hours
INFO:root:Average passenger time: 69 hours
INFO:root:===== Greedy Offline 8 =====
INFO:root:Seed: 2315
INFO:root:Buses: 7
INFO:root:Passengers: 31
INFO:root:Total wait time: 0 minutes
INFO:root:Avegera distance per bus: 105968 km
INFO:root:Average bus time: 135 hours
INFO:root:Average passenger time: 71 hours
INFO:root:===== Greedy Offline 9 =====
INFO:root:Seed: 27878
INFO:root:Buses: 12
INFO:root:Passengers: 12
INFO:root:Total wait time: 0 minutes
INFO:root:Avegera distance per bus: 34071 km
INFO:root:Average bus time: 90 hours
INFO:root:Average passenger time: 37 hours
INFO:root:===== Greedy Offline 1 =====
INFO:root:Seed: 32351
INFO:root:Buses: 13
INFO:root:Passengers: 13
INFO:root:Total wait time: 0 minutes
INFO:root:Avegera distance per bus: 60245 km
INFO:root:Average bus time: 95 hours
INFO:root:Average passenger time: 43 hours
INFO:root:===== Greedy Offline 2 =====
INFO:root:Seed: 32351
INFO:root:Buses: 13
INFO:root:Passengers: 21
INFO:root:Total wait time: 0 minutes
INFO:root:Avegera distance per bus: 56295 km
INFO:root:Average bus time: 136 hours
INFO:root:Average passenger time: 55 hours
INFO:root:===== Greedy Offline 3 =====
INFO:root:Seed: 32351
INFO:root:Buses: 13
INFO:root:Passengers: 29
INFO:root:Total wait time: 0 minutes
INFO:root:Avegera distance per bus: 67983 km
INFO:root:Average bus time: 169 hours
INFO:root:Average passenger time: 65 hours
INFO:root:===== Greedy Offline 4 =====
INFO:root:Seed: 32351
INFO:root:Buses: 13
INFO:root:Passengers: 37
INFO:root:Total wait time: 0 minutes
INFO:root:Avegera distance per bus: 75126 km
INFO:root:Average bus time: 239 hours
INFO:root:Average passenger time: 70 hours
INFO:root:===== Greedy Offline 5 =====
INFO:root:Seed: 4794
INFO:root:Buses: 18
INFO:root:Passengers: 18
INFO:root:Total wait time: 0 minutes
INFO:root:Avegera distance per bus: 41358 km
INFO:root:Average bus time: 115 hours
INFO:root:Average passenger time: 53 hours
INFO:root:===== Greedy Offline 6 =====
INFO:root:Seed: 4794
INFO:root:Buses: 18
INFO:root:Passengers: 26
INFO:root:Total wait time: 0 minutes
INFO:root:Avegera distance per bus: 49118 km
INFO:root:Average bus time: 65 hours
INFO:root:Average passenger time: 59 hours
INFO:root:===== Greedy Offline 7 =====
INFO:root:Seed: 4794
INFO:root:Buses: 18
INFO:root:Passengers: 34
INFO:root:===== Greedy Offline 8 =====
INFO:root:Seed: 4794
INFO:root:Buses: 18
INFO:root:Passengers: 42
INFO:root:===== Greedy Offline 9 =====
INFO:root:Seed: 10895
INFO:root:Buses: 23
INFO:root:Passengers: 23
INFO:root:Total wait time: 0 minutes
INFO:root:Avegera distance per bus: 37600 km
INFO:root:Average bus time: 135 hours
INFO:root:Average passenger time: 46 hours
INFO:root:===== Greedy Offline 10 =====
INFO:root:Seed: 10895
INFO:root:Buses: 23
INFO:root:Passengers: 31
INFO:root:===== Greedy Offline 11 =====
INFO:root:Seed: 10895
INFO:root:Buses: 23
INFO:root:Passengers: 39
INFO:root:===== Greedy Offline 12 =====
INFO:root:Seed: 10895
INFO:root:Buses: 23
INFO:root:Passengers: 47
INFO:root:===== Greedy Offline 1 =====
INFO:root:Seed: 2597
INFO:root:Buses: 2
INFO:root:Passengers: 2
INFO:root:Total wait time: 0 minutes
INFO:root:Avegera distance per bus: 47120 km
INFO:root:Average bus time: 127 hours
INFO:root:Average passenger time: 54 hours
INFO:root:===== Greedy Offline 2 =====
INFO:root:Seed: 2597
INFO:root:Buses: 2
INFO:root:Passengers: 10
INFO:root:Total wait time: 0 minutes
INFO:root:Avegera distance per bus: 90747 km
INFO:root:Average bus time: 195 hours
INFO:root:Average passenger time: 104 hours
INFO:root:===== Greedy Offline 3 =====
INFO:root:Seed: 2597
INFO:root:Buses: 2
INFO:root:Passengers: 18
INFO:root:Total wait time: 0 minutes
INFO:root:Avegera distance per bus: 156319 km
INFO:root:Average bus time: 386 hours
INFO:root:Average passenger time: 144 hours
INFO:root:===== Greedy Offline 4 =====
INFO:root:Seed: 2597
INFO:root:Buses: 2
INFO:root:Passengers: 26
INFO:root:Total wait time: 0 minutes
INFO:root:Avegera distance per bus: 174442 km
INFO:root:Average bus time: 433 hours
INFO:root:Average passenger time: 158 hours
INFO:root:===== Greedy Offline 5 =====
INFO:root:Seed: 9569
INFO:root:Buses: 7
INFO:root:Passengers: 7
INFO:root:Total wait time: 0 minutes
INFO:root:Avegera distance per bus: 44726 km
INFO:root:Average bus time: 170 hours
INFO:root:Average passenger time: 42 hours
INFO:root:===== Greedy Offline 6 =====
INFO:root:Seed: 9569
INFO:root:Buses: 7
INFO:root:Passengers: 15
INFO:root:Total wait time: 0 minutes
INFO:root:Avegera distance per bus: 63753 km
INFO:root:Average bus time: 151 hours
INFO:root:Average passenger time: 46 hours
INFO:root:===== Greedy Offline 7 =====
INFO:root:Seed: 9569
INFO:root:Buses: 7
INFO:root:Passengers: 23
INFO:root:Total wait time: 0 minutes
INFO:root:Avegera distance per bus: 83041 km
INFO:root:Average bus time: 217 hours
INFO:root:Average passenger time: 75 hours
INFO:root:===== Greedy Offline 8 =====
INFO:root:Seed: 9569
INFO:root:Buses: 7
INFO:root:Passengers: 31
INFO:root:Total wait time: 0 minutes
INFO:root:Avegera distance per bus: 92467 km
INFO:root:Average bus time: 191 hours
INFO:root:Average passenger time: 93 hours
INFO:root:===== Greedy Offline 9 =====
INFO:root:Seed: 5071
INFO:root:Buses: 12
INFO:root:Passengers: 12
INFO:root:Total wait time: 0 minutes
INFO:root:Avegera distance per bus: 39262 km
INFO:root:Average bus time: 51 hours
INFO:root:Average passenger time: 47 hours
INFO:root:===== Greedy Offline 10 =====
INFO:root:Seed: 5071
INFO:root:Buses: 12
INFO:root:Passengers: 20
INFO:root:Total wait time: 0 minutes
INFO:root:Avegera distance per bus: 49058 km
INFO:root:Average bus time: 175 hours
INFO:root:Average passenger time: 70 hours
INFO:root:===== Greedy Offline 11 =====
INFO:root:Seed: 5071
INFO:root:Buses: 12
INFO:root:Passengers: 28
INFO:root:Total wait time: 0 minutes
INFO:root:Avegera distance per bus: 71619 km
INFO:root:Average bus time: 124 hours
INFO:root:Average passenger time: 66 hours
INFO:root:===== Greedy Offline 12 =====
INFO:root:Seed: 5071
INFO:root:Buses: 12
INFO:root:Passengers: 36
INFO:root:Total wait time: 0 minutes
INFO:root:Avegera distance per bus: 71356 km
INFO:root:Average bus time: 246 hours
INFO:root:Average passenger time: 75 hours
INFO:root:===== Greedy Offline 13 =====
INFO:root:Seed: 29881
INFO:root:Buses: 17
INFO:root:Passengers: 17
INFO:root:Total wait time: 0 minutes
INFO:root:Avegera distance per bus: 22633 km
INFO:root:Average bus time: 15 hours
INFO:root:Average passenger time: 43 hours
INFO:root:===== Greedy Offline 14 =====
INFO:root:Seed: 29881
INFO:root:Buses: 17
INFO:root:Passengers: 25
INFO:root:===== Greedy Offline 15 =====
INFO:root:Seed: 29881
INFO:root:Buses: 17
INFO:root:Passengers: 33
INFO:root:Total wait time: 0 minutes
INFO:root:Avegera distance per bus: 49680 km
INFO:root:Average bus time: 142 hours
INFO:root:Average passenger time: 65 hours
INFO:root:===== Greedy Offline 16 =====
INFO:root:Seed: 29881
INFO:root:Buses: 17
INFO:root:Passengers: 41
INFO:root:Total wait time: 0 minutes
INFO:root:Avegera distance per bus: 61854 km
INFO:root:Average bus time: 143 hours
INFO:root:Average passenger time: 64 hours
INFO:root:===== Greedy Offline 17 =====
INFO:root:Seed: 12756
INFO:root:Buses: 22
INFO:root:Passengers: 22
INFO:root:Total wait time: 0 minutes
INFO:root:Avegera distance per bus: 41864 km
INFO:root:Average bus time: 98 hours
INFO:root:Average passenger time: 49 hours
INFO:root:===== Greedy Offline 18 =====
INFO:root:Seed: 12756
INFO:root:Buses: 22
INFO:root:Passengers: 30
INFO:root:Total wait time: 0 minutes
INFO:root:Avegera distance per bus: 49538 km
INFO:root:Average bus time: 79 hours
INFO:root:Average passenger time: 60 hours
INFO:root:===== Greedy Offline 19 =====
INFO:root:Seed: 12756
INFO:root:Buses: 22
INFO:root:Passengers: 38
INFO:root:===== Greedy Offline 20 =====
INFO:root:Seed: 12756
INFO:root:Buses: 22
INFO:root:Passengers: 46
INFO:root:Total wait time: 0 minutes
INFO:root:Avegera distance per bus: 64761 km
INFO:root:Average bus time: 109 hours
INFO:root:Average passenger time: 67 hours
INFO:root:===== Greedy Offline 1 =====
INFO:root:Seed: 6282
INFO:root:Buses: 30
INFO:root:Passengers: 30
INFO:root:===== Greedy Offline 2 =====
INFO:root:Seed: 6282
INFO:root:Buses: 30
INFO:root:Passengers: 40
INFO:root:===== Greedy Offline 3 =====
INFO:root:Seed: 6282
INFO:root:Buses: 30
INFO:root:Passengers: 50
INFO:root:Total wait time: 0 minutes
INFO:root:Avegera distance per bus: 52760 km
INFO:root:Average bus time: 129 hours
INFO:root:Average passenger time: 66 hours
INFO:root:===== Greedy Offline 4 =====
INFO:root:Seed: 6282
INFO:root:Buses: 30
INFO:root:Passengers: 60
INFO:root:===== Greedy Offline 5 =====
INFO:root:Seed: 26253
INFO:root:Buses: 37
INFO:root:Passengers: 37
INFO:root:===== Greedy Offline 6 =====
INFO:root:Seed: 26253
INFO:root:Buses: 37
INFO:root:Passengers: 47
INFO:root:Total wait time: 0 minutes
INFO:root:Avegera distance per bus: 55693 km
INFO:root:Average bus time: 178 hours
INFO:root:Average passenger time: 57 hours
INFO:root:===== Greedy Offline 1 =====
INFO:root:Seed: 3598
INFO:root:Buses: 2
INFO:root:Passengers: 2
INFO:root:Total wait time: 0 minutes
INFO:root:Avegera distance per bus: 26321 km
INFO:root:Average bus time: 40 hours
INFO:root:Average passenger time: 27 hours
INFO:root:===== Greedy Offline 2 =====
INFO:root:Seed: 3598
INFO:root:Buses: 2
INFO:root:Passengers: 8
INFO:root:Total wait time: 0 minutes
INFO:root:Avegera distance per bus: 86238 km
INFO:root:Average bus time: 161 hours
INFO:root:Average passenger time: 96 hours
INFO:root:===== Greedy Offline 3 =====
INFO:root:Seed: 3598
INFO:root:Buses: 2
INFO:root:Passengers: 14
INFO:root:Total wait time: 0 minutes
INFO:root:Avegera distance per bus: 129564 km
INFO:root:Average bus time: 260 hours
INFO:root:Average passenger time: 90 hours
INFO:root:===== Greedy Offline 4 =====
INFO:root:Seed: 3598
INFO:root:Buses: 2
INFO:root:Passengers: 20
INFO:root:Total wait time: 0 minutes
INFO:root:Avegera distance per bus: 149449 km
INFO:root:Average bus time: 322 hours
INFO:root:Average passenger time: 114 hours
INFO:root:===== Greedy Offline 5 =====
INFO:root:Seed: 3598
INFO:root:Buses: 2
INFO:root:Passengers: 26
INFO:root:Total wait time: 0 minutes
INFO:root:Avegera distance per bus: 161681 km
INFO:root:Average bus time: 314 hours
INFO:root:Average passenger time: 146 hours
INFO:root:===== Greedy Offline 6 =====
INFO:root:Seed: 74
INFO:root:Buses: 7
INFO:root:Passengers: 7
INFO:root:Total wait time: 0 minutes
INFO:root:Avegera distance per bus: 44221 km
INFO:root:Average bus time: 71 hours
INFO:root:Average passenger time: 46 hours
INFO:root:===== Greedy Offline 7 =====
INFO:root:Seed: 74
INFO:root:Buses: 7
INFO:root:Passengers: 13
INFO:root:Total wait time: 0 minutes
INFO:root:Avegera distance per bus: 57533 km
INFO:root:Average bus time: 234 hours
INFO:root:Average passenger time: 70 hours
INFO:root:===== Greedy Offline 8 =====
INFO:root:Seed: 74
INFO:root:Buses: 7
INFO:root:Passengers: 19
INFO:root:Total wait time: 0 minutes
INFO:root:Avegera distance per bus: 70327 km
INFO:root:Average bus time: 224 hours
INFO:root:Average passenger time: 67 hours
INFO:root:===== Greedy Offline 9 =====
INFO:root:Seed: 74
INFO:root:Buses: 7
INFO:root:Passengers: 25
INFO:root:Total wait time: 0 minutes
INFO:root:Avegera distance per bus: 90329 km
INFO:root:Average bus time: 170 hours
INFO:root:Average passenger time: 97 hours
INFO:root:===== Greedy Offline 10 =====
INFO:root:Seed: 74
INFO:root:Buses: 7
INFO:root:Passengers: 31
INFO:root:Total wait time: 0 minutes
INFO:root:Avegera distance per bus: 109026 km
INFO:root:Average bus time: 257 hours
INFO:root:Average passenger time: 101 hours
INFO:root:===== Greedy Offline 11 =====
INFO:root:Seed: 22722
INFO:root:Buses: 12
INFO:root:Passengers: 12
INFO:root:Total wait time: 0 minutes
INFO:root:Avegera distance per bus: 37505 km
INFO:root:Average bus time: 109 hours
INFO:root:Average passenger time: 48 hours
INFO:root:===== Greedy Offline 12 =====
INFO:root:Seed: 22722
INFO:root:Buses: 12
INFO:root:Passengers: 18
INFO:root:Total wait time: 0 minutes
INFO:root:Avegera distance per bus: 46421 km
INFO:root:Average bus time: 125 hours
INFO:root:Average passenger time: 63 hours
INFO:root:===== Greedy Offline 13 =====
INFO:root:Seed: 22722
INFO:root:Buses: 12
INFO:root:Passengers: 24
INFO:root:Total wait time: 0 minutes
INFO:root:Avegera distance per bus: 68290 km
INFO:root:Average bus time: 101 hours
INFO:root:Average passenger time: 73 hours
INFO:root:===== Greedy Offline 14 =====
INFO:root:Seed: 22722
INFO:root:Buses: 12
INFO:root:Passengers: 30
INFO:root:Total wait time: 0 minutes
INFO:root:Avegera distance per bus: 69463 km
INFO:root:Average bus time: 143 hours
INFO:root:Average passenger time: 80 hours
INFO:root:===== Greedy Offline 15 =====
INFO:root:Seed: 22722
INFO:root:Buses: 12
INFO:root:Passengers: 36
INFO:root:Total wait time: 0 minutes
INFO:root:Avegera distance per bus: 84845 km
INFO:root:Average bus time: 171 hours
INFO:root:Average passenger time: 82 hours
INFO:root:===== Greedy Offline 16 =====
INFO:root:Seed: 20534
INFO:root:Buses: 17
INFO:root:Passengers: 17
INFO:root:Total wait time: 0 minutes
INFO:root:Avegera distance per bus: 47366 km
INFO:root:Average bus time: 140 hours
INFO:root:Average passenger time: 44 hours
INFO:root:===== Greedy Offline 17 =====
INFO:root:Seed: 20534
INFO:root:Buses: 17
INFO:root:Passengers: 23
INFO:root:Total wait time: 0 minutes
INFO:root:Avegera distance per bus: 55091 km
INFO:root:Average bus time: 142 hours
INFO:root:Average passenger time: 57 hours
INFO:root:===== Greedy Offline 18 =====
INFO:root:Seed: 20534
INFO:root:Buses: 17
INFO:root:Passengers: 29
INFO:root:===== Greedy Offline 19 =====
INFO:root:Seed: 20534
INFO:root:Buses: 17
INFO:root:Passengers: 35
INFO:root:===== Greedy Offline 20 =====
INFO:root:Seed: 20534
INFO:root:Buses: 17
INFO:root:Passengers: 41
INFO:root:===== Greedy Offline 21 =====
INFO:root:Seed: 5751
INFO:root:Buses: 22
INFO:root:Passengers: 22
INFO:root:Total wait time: 0 minutes
INFO:root:Avegera distance per bus: 38678 km
INFO:root:Average bus time: 102 hours
INFO:root:Average passenger time: 55 hours
INFO:root:===== Greedy Offline 22 =====
INFO:root:Seed: 5751
INFO:root:Buses: 22
INFO:root:Passengers: 28
INFO:root:Total wait time: 0 minutes
INFO:root:Avegera distance per bus: 42731 km
INFO:root:Average bus time: 141 hours
INFO:root:Average passenger time: 61 hours
INFO:root:===== Greedy Offline 23 =====
INFO:root:Seed: 5751
INFO:root:Buses: 22
INFO:root:Passengers: 34
INFO:root:Total wait time: 0 minutes
INFO:root:Avegera distance per bus: 49355 km
INFO:root:Average bus time: 215 hours
INFO:root:Average passenger time: 60 hours
INFO:root:===== Greedy Offline 24 =====
INFO:root:Seed: 5751
INFO:root:Buses: 22
INFO:root:Passengers: 40
INFO:root:===== Greedy Offline 25 =====
INFO:root:Seed: 5751
INFO:root:Buses: 22
INFO:root:Passengers: 46
INFO:root:===== Greedy Offline 26 =====
INFO:root:Seed: 27321
INFO:root:Buses: 27
INFO:root:Passengers: 27
INFO:root:Total wait time: 0 minutes
INFO:root:Avegera distance per bus: 25346 km
INFO:root:Average bus time: 46 hours
INFO:root:Average passenger time: 45 hours
INFO:root:===== Greedy Offline 27 =====
INFO:root:Seed: 27321
INFO:root:Buses: 27
INFO:root:Passengers: 33
INFO:root:Total wait time: 0 minutes
INFO:root:Avegera distance per bus: 44254 km
INFO:root:Average bus time: 146 hours
INFO:root:Average passenger time: 49 hours
INFO:root:===== Greedy Offline 28 =====
INFO:root:Seed: 27321
INFO:root:Buses: 27
INFO:root:Passengers: 39
INFO:root:===== Greedy Offline 29 =====
INFO:root:Seed: 27321
INFO:root:Buses: 27
INFO:root:Passengers: 45
INFO:root:Total wait time: 0 minutes
INFO:root:Avegera distance per bus: 49819 km
INFO:root:Average bus time: 120 hours
INFO:root:Average passenger time: 60 hours
INFO:root:===== Greedy Offline 30 =====
INFO:root:Seed: 27321
INFO:root:Buses: 27
INFO:root:Passengers: 51
INFO:root:===== Greedy Offline 31 =====
INFO:root:Seed: 8809
INFO:root:Buses: 32
INFO:root:Passengers: 32
INFO:root:===== Greedy Offline 32 =====
INFO:root:Seed: 8809
INFO:root:Buses: 32
INFO:root:Passengers: 38
INFO:root:Total wait time: 0 minutes
INFO:root:Avegera distance per bus: 39660 km
INFO:root:Average bus time: 142 hours
INFO:root:Average passenger time: 55 hours
INFO:root:===== Greedy Offline 33 =====
INFO:root:Seed: 8809
INFO:root:Buses: 32
INFO:root:Passengers: 44
INFO:root:Total wait time: 0 minutes
INFO:root:Avegera distance per bus: 43047 km
INFO:root:Average bus time: 117 hours
INFO:root:Average passenger time: 57 hours
INFO:root:===== Greedy Offline 34 =====
INFO:root:Seed: 8809
INFO:root:Buses: 32
INFO:root:Passengers: 50
INFO:root:===== Greedy Offline 35 =====
INFO:root:Seed: 8809
INFO:root:Buses: 32
INFO:root:Passengers: 56
INFO:root:===== Greedy Offline 36 =====
INFO:root:Seed: 25949
INFO:root:Buses: 37
INFO:root:Passengers: 37
INFO:root:Total wait time: 0 minutes
INFO:root:Avegera distance per bus: 44638 km
INFO:root:Average bus time: 140 hours
INFO:root:Average passenger time: 39 hours
INFO:root:===== Greedy Offline 37 =====
INFO:root:Seed: 25949
INFO:root:Buses: 37
INFO:root:Passengers: 43
INFO:root:Total wait time: 0 minutes
INFO:root:Avegera distance per bus: 43049 km
INFO:root:Average bus time: 134 hours
INFO:root:Average passenger time: 48 hours
INFO:root:===== Greedy Offline 38 =====
INFO:root:Seed: 25949
INFO:root:Buses: 37
INFO:root:Passengers: 49
INFO:root:Total wait time: 0 minutes
INFO:root:Avegera distance per bus: 40689 km
INFO:root:Average bus time: 127 hours
INFO:root:Average passenger time: 55 hours
INFO:root:===== Greedy Offline 39 =====
INFO:root:Seed: 25949
INFO:root:Buses: 37
INFO:root:Passengers: 55
INFO:root:Total wait time: 0 minutes
INFO:root:Avegera distance per bus: 51446 km
INFO:root:Average bus time: 218 hours
INFO:root:Average passenger time: 63 hours
INFO:root:===== Greedy Offline 40 =====
INFO:root:Seed: 25949
INFO:root:Buses: 37
INFO:root:Passengers: 61
INFO:root:===== Greedy Offline 41 =====
INFO:root:Seed: 5964
INFO:root:Buses: 42
INFO:root:Passengers: 42
INFO:root:Total wait time: 0 minutes
INFO:root:Avegera distance per bus: 45230 km
INFO:root:Average bus time: 63 hours
INFO:root:Average passenger time: 45 hours
