INFO:root:===== Greedy Offline 1 =====
INFO:root:Seed: 1
INFO:root:Buses: 3
INFO:root:Passengers: 7
INFO:root:Total wait time: 96 minutes
INFO:root:Total distance: 935 km
INFO:root:Total time: 50 hours
INFO:root:Average passenger time: 55 hours
INFO:root:===== Greedy Offline 1 =====
INFO:root:Seed: 1
INFO:root:Buses: 3
INFO:root:Passengers: 7
INFO:root:===== Greedy Offline 1 =====
INFO:root:Seed: 1
INFO:root:Buses: 3
INFO:root:Passengers: 7
INFO:root:===== Greedy Offline 1 =====
INFO:root:Seed: 1
INFO:root:Buses: 5
INFO:root:Passengers: 11
